C251 COMPILER V5.60.0,  ads1110                                                            13/10/23  08:55:51  PAGE 1   


C251 COMPILER V5.60.0, COMPILATION OF MODULE ads1110
OBJECT MODULE PLACED IN ads1110.obj
COMPILER INVOKED BY: D:\KeilMDK\C251\BIN\C251.EXE Ads1110\ads1110.c XSMALL INTR2 OPTIMIZE(0,SPEED) BROWSE INCDIR(.\Ads11
                    -10;.\iic;.\IO;.\mcp4725;.\MwPro;.\uart;.\adc12;.\User) PRINT(.\Listings\ads1110.lst) OBJECT(ads1110.obj) 

stmt  level    source

    1          #include "system.h"
    2          #include "i2c.h"
    3          #include "ads1110.h"
    4          
    5          
    6          
    7          
    8          #if 0
               //函数名:
               //GetAds1110
               //函数功能:
               //返回ADS输入的实际电压
               //参数:
               //[输入]:无
               //[输出]:无
               //[返回值]:
               // ADS1110输入的实际电压mv
               int GetAds1110(BYTE id)
               {
                  int iVoltage = 0;
                  unsigned char OutBuf[3]={0};
                 
                  I2C_Start();
                  I2C_Write_Byte((ADS110_ADDR<<1)| 1);
                  I2C_ReadAck();
                  
                  OutBuf[0] = I2C_Read_Byte(I2C_ACK);//gao
                  OutBuf[1] = I2C_Read_Byte(I2C_ACK);//di
                  OutBuf[2] = I2C_Read_Byte(I2C_NACK);//state
                  I2C_Stop();
                  
                  iVoltage = (OutBuf[0] << 8) | OutBuf[1];
                  iVoltage = (int)(1.0*iVoltage/16);
                  
                  return iVoltage;  //单位MV 
               }
               #endif
   38          


Module Information          Static   Overlayable
------------------------------------------------
  code size            =    ------     ------
  ecode size           =    ------     ------
  data size            =    ------     ------
  idata size           =    ------     ------
  pdata size           =    ------     ------
  xdata size           =    ------     ------
  xdata-const size     =    ------     ------
  edata size           =    ------     ------
  bit size             =    ------     ------
  ebit size            =    ------     ------
  bitaddressable size  =    ------     ------
  ebitaddressable size =    ------     ------
  far data size        =    ------     ------
  huge data size       =    ------     ------
  const size           =    ------     ------
  hconst size          =    ------     ------
End of Module Information.

C251 COMPILER V5.60.0,  ads1110                                                            13/10/23  08:55:51  PAGE 2   


C251 COMPILATION COMPLETE.  0 WARNING(S),  0 ERROR(S)
