C251 COMPILER V5.60.0,  io                                                                 13/10/23  08:58:01  PAGE 1   


C251 COMPILER V5.60.0, COMPILATION OF MODULE io
OBJECT MODULE PLACED IN io.obj
COMPILER INVOKED BY: D:\KeilMDK\C251\BIN\C251.EXE IO\io.c XSMALL INTR2 OPTIMIZE(0,SPEED) BROWSE INCDIR(.\Ads1110;.\iic;.
                    -\IO;.\mcp4725;.\MwPro;.\uart;.\adc12;.\User) PRINT(.\Listings\io.lst) OBJECT(io.obj) 

stmt  level    source

    1          
    2          #include "io.h"
    3          #include "i2c.h"
    4          
    5          


Module Information          Static   Overlayable
------------------------------------------------
  code size            =    ------     ------
  ecode size           =    ------     ------
  data size            =    ------     ------
  idata size           =    ------     ------
  pdata size           =    ------     ------
  xdata size           =    ------     ------
  xdata-const size     =    ------     ------
  edata size           =    ------     ------
  bit size             =    ------     ------
  ebit size            =    ------     ------
  bitaddressable size  =    ------     ------
  ebitaddressable size =    ------     ------
  far data size        =    ------     ------
  huge data size       =    ------     ------
  const size           =    ------     ------
  hconst size          =    ------     ------
End of Module Information.


C251 COMPILATION COMPLETE.  0 WARNING(S),  0 ERROR(S)
